c:\users\carpeyt440\source\repos\cst136srs04\atoll\debug\vc141.pdb
c:\users\carpeyt440\source\repos\cst136srs04\atoll\debug\vc141.idb
c:\users\carpeyt440\source\repos\cst136srs04\atoll\debug\longitude.obj
c:\users\carpeyt440\source\repos\cst136srs04\atoll\debug\latitude.obj
c:\users\carpeyt440\source\repos\cst136srs04\atoll\debug\angle.obj
c:\users\carpeyt440\source\repos\cst136srs04\atoll\debug\location.obj
c:\users\carpeyt440\source\repos\cst136srs04\atoll\debug\main.obj
c:\users\carpeyt440\source\repos\cst136srs04\atoll\debug\path.obj
c:\users\carpeyt440\source\repos\cst136srs04\atoll\debug\atoll.pch
c:\users\carpeyt440\source\repos\cst136srs04\atoll\debug\stdafx.obj
c:\users\carpeyt440\source\repos\cst136srs04\atoll\debug\range.obj
c:\users\carpeyt440\source\repos\cst136srs04\debug\atoll.pdb
c:\users\carpeyt440\source\repos\cst136srs04\atoll\debug\atoll.tlog\cl.command.1.tlog
c:\users\carpeyt440\source\repos\cst136srs04\atoll\debug\atoll.tlog\cl.read.1.tlog
c:\users\carpeyt440\source\repos\cst136srs04\atoll\debug\atoll.tlog\cl.write.1.tlog
c:\users\carpeyt440\source\repos\cst136srs04\atoll\debug\atoll.tlog\link-cvtres.read.1.tlog
c:\users\carpeyt440\source\repos\cst136srs04\atoll\debug\atoll.tlog\link-cvtres.write.1.tlog
c:\users\carpeyt440\source\repos\cst136srs04\atoll\debug\atoll.tlog\link-rc.read.1.tlog
c:\users\carpeyt440\source\repos\cst136srs04\atoll\debug\atoll.tlog\link-rc.write.1.tlog
c:\users\carpeyt440\source\repos\cst136srs04\atoll\debug\atoll.tlog\link.command.1.tlog
c:\users\carpeyt440\source\repos\cst136srs04\atoll\debug\atoll.tlog\link.read.1.tlog
c:\users\carpeyt440\source\repos\cst136srs04\atoll\debug\atoll.tlog\link.write.1.tlog
